# JRE version: Java(TM) SE Runtime Environment (8.0_291-b10) (build 1.8.0_291-b10)
# Java VM: Java HotSpot(TM) Client VM (25.291-b10 mixed mode windows-x86 )
Heap:
 def new generation   total 6848K, used 5592K [0x05200000, 0x05960000, 0x0a750000)
  eden space 6144K,  81% used [0x05200000, 0x056e5eb8, 0x05800000)
  from space 704K,  81% used [0x05800000, 0x05890460, 0x058b0000)
  to   space 704K,   0% used [0x058b0000, 0x058b0000, 0x05960000)
 tenured generation   total 15016K, used 10705K [0x0a750000, 0x0b5fa000, 0x15200000)
   the space 15016K,  71% used [0x0a750000, 0x0b1c44f0, 0x0b1c4600, 0x0b5fa000)
 Metaspace       used 12540K, capacity 13366K, committed 13440K, reserved 13696K
GC Heap History (10 events):
Event: 1.253 GC heap before
{Heap before GC invocations=8 (full 0):
 def new generation   total 4928K, used 4608K [0x05200000, 0x05750000, 0x0a750000)
  eden space 4416K,  92% used [0x05200000, 0x056003b8, 0x05650000)
  from space 512K, 100% used [0x05650000, 0x056d0000, 0x056d0000)
  to   space 512K,   0% used [0x056d0000, 0x056d0000, 0x05750000)
 tenured generation   total 10944K, used 4519K [0x0a750000, 0x0b200000, 0x15200000)
   the space 10944K,  41% used [0x0a750000, 0x0abb9e98, 0x0abba000, 0x0b200000)
 Metaspace       used 11526K, capacity 12218K, committed 12288K, reserved 12672K
Event: 1.258 GC heap after
Heap after GC invocations=9 (full 0):
 def new generation   total 4928K, used 512K [0x05200000, 0x05750000, 0x0a750000)
  eden space 4416K,   0% used [0x05200000, 0x05200000, 0x05650000)
  from space 512K, 100% used [0x056d0000, 0x05750000, 0x05750000)
  to   space 512K,   0% used [0x05650000, 0x05650000, 0x056d0000)
 tenured generation   total 10944K, used 5394K [0x0a750000, 0x0b200000, 0x15200000)
   the space 10944K,  49% used [0x0a750000, 0x0ac94aa8, 0x0ac94c00, 0x0b200000)
 Metaspace       used 11526K, capacity 12218K, committed 12288K, reserved 12672K
}
Event: 1.270 GC heap before
{Heap before GC invocations=9 (full 0):
 def new generation   total 4928K, used 4928K [0x05200000, 0x05750000, 0x0a750000)
  eden space 4416K, 100% used [0x05200000, 0x05650000, 0x05650000)
  from space 512K, 100% used [0x056d0000, 0x05750000, 0x05750000)
  to   space 512K,   0% used [0x05650000, 0x05650000, 0x056d0000)
 tenured generation   total 10944K, used 5394K [0x0a750000, 0x0b200000, 0x15200000)
   the space 10944K,  49% used [0x0a750000, 0x0ac94aa8, 0x0ac94c00, 0x0b200000)
 Metaspace       used 11580K, capacity 12282K, committed 12288K, reserved 12672K
Event: 1.274 GC heap after
Heap after GC invocations=10 (full 0):
 def new generation   total 4928K, used 17K [0x05200000, 0x05750000, 0x0a750000)
  eden space 4416K,   0% used [0x05200000, 0x05200000, 0x05650000)
  from space 512K,   3% used [0x05650000, 0x05654790, 0x056d0000)
  to   space 512K,   0% used [0x056d0000, 0x056d0000, 0x05750000)
 tenured generation   total 10944K, used 8977K [0x0a750000, 0x0b200000, 0x15200000)
   the space 10944K,  82% used [0x0a750000, 0x0b0147f0, 0x0b014800, 0x0b200000)
 Metaspace       used 11580K, capacity 12282K, committed 12288K, reserved 12672K
}
Event: 1.302 GC heap before
{Heap before GC invocations=10 (full 0):
 def new generation   total 4928K, used 166K [0x05200000, 0x05750000, 0x0a750000)
  eden space 4416K,   3% used [0x05200000, 0x05225368, 0x05650000)
  from space 512K,   3% used [0x05650000, 0x05654790, 0x056d0000)
  to   space 512K,   0% used [0x056d0000, 0x056d0000, 0x05750000)
 tenured generation   total 10944K, used 8977K [0x0a750000, 0x0b200000, 0x15200000)
   the space 10944K,  82% used [0x0a750000, 0x0b0147f0, 0x0b014800, 0x0b200000)
 Metaspace       used 11593K, capacity 12285K, committed 12288K, reserved 12672K
Event: 1.315 GC heap after
Heap after GC invocations=11 (full 1):
 def new generation   total 6848K, used 0K [0x05200000, 0x05960000, 0x0a750000)
  eden space 6144K,   0% used [0x05200000, 0x05200000, 0x05800000)
  from space 704K,   0% used [0x05800000, 0x05800000, 0x058b0000)
  to   space 704K,   0% used [0x058b0000, 0x058b0000, 0x05960000)
 tenured generation   total 15016K, used 9009K [0x0a750000, 0x0b5fa000, 0x15200000)
   the space 15016K,  59% used [0x0a750000, 0x0b01c5c8, 0x0b01c600, 0x0b5fa000)
 Metaspace       used 11593K, capacity 12285K, committed 12288K, reserved 12672K
}
Event: 10.275 GC heap before
{Heap before GC invocations=11 (full 1):
 def new generation   total 6848K, used 6144K [0x05200000, 0x05960000, 0x0a750000)
  eden space 6144K, 100% used [0x05200000, 0x05800000, 0x05800000)
  from space 704K,   0% used [0x05800000, 0x05800000, 0x058b0000)
  to   space 704K,   0% used [0x058b0000, 0x058b0000, 0x05960000)
 tenured generation   total 15016K, used 9009K [0x0a750000, 0x0b5fa000, 0x15200000)
   the space 15016K,  59% used [0x0a750000, 0x0b01c5c8, 0x0b01c600, 0x0b5fa000)
 Metaspace       used 12094K, capacity 12864K, committed 12928K, reserved 13696K
Event: 10.279 GC heap after
Heap after GC invocations=12 (full 1):
 def new generation   total 6848K, used 647K [0x05200000, 0x05960000, 0x0a750000)
  eden space 6144K,   0% used [0x05200000, 0x05200000, 0x05800000)
  from space 704K,  92% used [0x058b0000, 0x05951f60, 0x05960000)
  to   space 704K,   0% used [0x05800000, 0x05800000, 0x058b0000)
 tenured generation   total 15016K, used 10278K [0x0a750000, 0x0b5fa000, 0x15200000)
   the space 15016K,  68% used [0x0a750000, 0x0b1599d8, 0x0b159a00, 0x0b5fa000)
 Metaspace       used 12094K, capacity 12864K, committed 12928K, reserved 13696K
}
Event: 21.929 GC heap before
{Heap before GC invocations=12 (full 1):
 def new generation   total 6848K, used 6791K [0x05200000, 0x05960000, 0x0a750000)
  eden space 6144K, 100% used [0x05200000, 0x05800000, 0x05800000)
  from space 704K,  92% used [0x058b0000, 0x05951f60, 0x05960000)
  to   space 704K,   0% used [0x05800000, 0x05800000, 0x058b0000)
 tenured generation   total 15016K, used 10278K [0x0a750000, 0x0b5fa000, 0x15200000)
   the space 15016K,  68% used [0x0a750000, 0x0b1599d8, 0x0b159a00, 0x0b5fa000)
 Metaspace       used 12220K, capacity 12990K, committed 13056K, reserved 13696K
Event: 21.933 GC heap after
Heap after GC invocations=13 (full 1):
 def new generation   total 6848K, used 577K [0x05200000, 0x05960000, 0x0a750000)
  eden space 6144K,   0% used [0x05200000, 0x05200000, 0x05800000)
  from space 704K,  81% used [0x05800000, 0x05890460, 0x058b0000)
  to   space 704K,   0% used [0x058b0000, 0x058b0000, 0x05960000)
 tenured generation   total 15016K, used 10705K [0x0a750000, 0x0b5fa000, 0x15200000)
   the space 15016K,  71% used [0x0a750000, 0x0b1c44f0, 0x0b1c4600, 0x0b5fa000)
 Metaspace       used 12220K, capacity 12990K, committed 13056K, reserved 13696K
}

