# JRE version: Java(TM) SE Runtime Environment (8.0_291-b10) (build 1.8.0_291-b10)
# Java VM: Java HotSpot(TM) Client VM (25.291-b10 mixed mode windows-x86 )
Heap:
 def new generation   total 6848K, used 4917K [0x04800000, 0x04f60000, 0x09d50000)
  eden space 6144K,  69% used [0x04800000, 0x04c2ce50, 0x04e00000)
  from space 704K,  91% used [0x04e00000, 0x04ea07d0, 0x04eb0000)
  to   space 704K,   0% used [0x04eb0000, 0x04eb0000, 0x04f60000)
 tenured generation   total 15024K, used 10728K [0x09d50000, 0x0abfc000, 0x14800000)
   the space 15024K,  71% used [0x09d50000, 0x0a7ca0e8, 0x0a7ca200, 0x0abfc000)
 Metaspace       used 12588K, capacity 13398K, committed 13440K, reserved 13696K
GC Heap History (10 events):
Event: 1.243 GC heap before
{Heap before GC invocations=8 (full 0):
 def new generation   total 4928K, used 4628K [0x04800000, 0x04d50000, 0x09d50000)
  eden space 4416K,  93% used [0x04800000, 0x04c052c8, 0x04c50000)
  from space 512K, 100% used [0x04c50000, 0x04cd0000, 0x04cd0000)
  to   space 512K,   0% used [0x04cd0000, 0x04cd0000, 0x04d50000)
 tenured generation   total 10944K, used 4516K [0x09d50000, 0x0a800000, 0x14800000)
   the space 10944K,  41% used [0x09d50000, 0x0a1b9108, 0x0a1b9200, 0x0a800000)
 Metaspace       used 11527K, capacity 12218K, committed 12288K, reserved 12672K
Event: 1.249 GC heap after
Heap after GC invocations=9 (full 0):
 def new generation   total 4928K, used 512K [0x04800000, 0x04d50000, 0x09d50000)
  eden space 4416K,   0% used [0x04800000, 0x04800000, 0x04c50000)
  from space 512K, 100% used [0x04cd0000, 0x04d50000, 0x04d50000)
  to   space 512K,   0% used [0x04c50000, 0x04c50000, 0x04cd0000)
 tenured generation   total 10944K, used 5396K [0x09d50000, 0x0a800000, 0x14800000)
   the space 10944K,  49% used [0x09d50000, 0x0a295320, 0x0a295400, 0x0a800000)
 Metaspace       used 11527K, capacity 12218K, committed 12288K, reserved 12672K
}
Event: 1.263 GC heap before
{Heap before GC invocations=9 (full 0):
 def new generation   total 4928K, used 4928K [0x04800000, 0x04d50000, 0x09d50000)
  eden space 4416K, 100% used [0x04800000, 0x04c50000, 0x04c50000)
  from space 512K, 100% used [0x04cd0000, 0x04d50000, 0x04d50000)
  to   space 512K,   0% used [0x04c50000, 0x04c50000, 0x04cd0000)
 tenured generation   total 10944K, used 5396K [0x09d50000, 0x0a800000, 0x14800000)
   the space 10944K,  49% used [0x09d50000, 0x0a295320, 0x0a295400, 0x0a800000)
 Metaspace       used 11581K, capacity 12282K, committed 12288K, reserved 12672K
Event: 1.266 GC heap after
Heap after GC invocations=10 (full 0):
 def new generation   total 4928K, used 17K [0x04800000, 0x04d50000, 0x09d50000)
  eden space 4416K,   0% used [0x04800000, 0x04800000, 0x04c50000)
  from space 512K,   3% used [0x04c50000, 0x04c54790, 0x04cd0000)
  to   space 512K,   0% used [0x04cd0000, 0x04cd0000, 0x04d50000)
 tenured generation   total 10944K, used 8980K [0x09d50000, 0x0a800000, 0x14800000)
   the space 10944K,  82% used [0x09d50000, 0x0a615068, 0x0a615200, 0x0a800000)
 Metaspace       used 11581K, capacity 12282K, committed 12288K, reserved 12672K
}
Event: 1.295 GC heap before
{Heap before GC invocations=10 (full 0):
 def new generation   total 4928K, used 166K [0x04800000, 0x04d50000, 0x09d50000)
  eden space 4416K,   3% used [0x04800000, 0x04825350, 0x04c50000)
  from space 512K,   3% used [0x04c50000, 0x04c54790, 0x04cd0000)
  to   space 512K,   0% used [0x04cd0000, 0x04cd0000, 0x04d50000)
 tenured generation   total 10944K, used 8980K [0x09d50000, 0x0a800000, 0x14800000)
   the space 10944K,  82% used [0x09d50000, 0x0a615068, 0x0a615200, 0x0a800000)
 Metaspace       used 11593K, capacity 12285K, committed 12288K, reserved 12672K
Event: 1.307 GC heap after
Heap after GC invocations=11 (full 1):
 def new generation   total 6848K, used 0K [0x04800000, 0x04f60000, 0x09d50000)
  eden space 6144K,   0% used [0x04800000, 0x04800000, 0x04e00000)
  from space 704K,   0% used [0x04e00000, 0x04e00000, 0x04eb0000)
  to   space 704K,   0% used [0x04eb0000, 0x04eb0000, 0x04f60000)
 tenured generation   total 15024K, used 9012K [0x09d50000, 0x0abfc000, 0x14800000)
   the space 15024K,  59% used [0x09d50000, 0x0a61d220, 0x0a61d400, 0x0abfc000)
 Metaspace       used 11593K, capacity 12285K, committed 12288K, reserved 12672K
}
Event: 7.075 GC heap before
{Heap before GC invocations=11 (full 1):
 def new generation   total 6848K, used 6144K [0x04800000, 0x04f60000, 0x09d50000)
  eden space 6144K, 100% used [0x04800000, 0x04e00000, 0x04e00000)
  from space 704K,   0% used [0x04e00000, 0x04e00000, 0x04eb0000)
  to   space 704K,   0% used [0x04eb0000, 0x04eb0000, 0x04f60000)
 tenured generation   total 15024K, used 9012K [0x09d50000, 0x0abfc000, 0x14800000)
   the space 15024K,  59% used [0x09d50000, 0x0a61d220, 0x0a61d400, 0x0abfc000)
 Metaspace       used 12095K, capacity 12864K, committed 12928K, reserved 13696K
Event: 7.078 GC heap after
Heap after GC invocations=12 (full 1):
 def new generation   total 6848K, used 681K [0x04800000, 0x04f60000, 0x09d50000)
  eden space 6144K,   0% used [0x04800000, 0x04800000, 0x04e00000)
  from space 704K,  96% used [0x04eb0000, 0x04f5a5f8, 0x04f60000)
  to   space 704K,   0% used [0x04e00000, 0x04e00000, 0x04eb0000)
 tenured generation   total 15024K, used 10281K [0x09d50000, 0x0abfc000, 0x14800000)
   the space 15024K,  68% used [0x09d50000, 0x0a75a630, 0x0a75a800, 0x0abfc000)
 Metaspace       used 12095K, capacity 12864K, committed 12928K, reserved 13696K
}
Event: 21.129 GC heap before
{Heap before GC invocations=12 (full 1):
 def new generation   total 6848K, used 6825K [0x04800000, 0x04f60000, 0x09d50000)
  eden space 6144K, 100% used [0x04800000, 0x04e00000, 0x04e00000)
  from space 704K,  96% used [0x04eb0000, 0x04f5a5f8, 0x04f60000)
  to   space 704K,   0% used [0x04e00000, 0x04e00000, 0x04eb0000)
 tenured generation   total 15024K, used 10281K [0x09d50000, 0x0abfc000, 0x14800000)
   the space 15024K,  68% used [0x09d50000, 0x0a75a630, 0x0a75a800, 0x0abfc000)
 Metaspace       used 12390K, capacity 13165K, committed 13184K, reserved 13696K
Event: 21.133 GC heap after
Heap after GC invocations=13 (full 1):
 def new generation   total 6848K, used 641K [0x04800000, 0x04f60000, 0x09d50000)
  eden space 6144K,   0% used [0x04800000, 0x04800000, 0x04e00000)
  from space 704K,  91% used [0x04e00000, 0x04ea07d0, 0x04eb0000)
  to   space 704K,   0% used [0x04eb0000, 0x04eb0000, 0x04f60000)
 tenured generation   total 15024K, used 10728K [0x09d50000, 0x0abfc000, 0x14800000)
   the space 15024K,  71% used [0x09d50000, 0x0a7ca0e8, 0x0a7ca200, 0x0abfc000)
 Metaspace       used 12390K, capacity 13165K, committed 13184K, reserved 13696K
}

