# JRE version: Java(TM) SE Runtime Environment (8.0_291-b10) (build 1.8.0_291-b10)
# Java VM: Java HotSpot(TM) Client VM (25.291-b10 mixed mode windows-x86 )
Heap:
 def new generation   total 6848K, used 6138K [0x04800000, 0x04f60000, 0x09d50000)
  eden space 6144K,  88% used [0x04800000, 0x04d4eb80, 0x04e00000)
  from space 704K, 100% used [0x04eb0000, 0x04f60000, 0x04f60000)
  to   space 704K,   0% used [0x04e00000, 0x04e00000, 0x04eb0000)
 tenured generation   total 15024K, used 13386K [0x09d50000, 0x0abfc000, 0x14800000)
   the space 15024K,  89% used [0x09d50000, 0x0aa62988, 0x0aa62a00, 0x0abfc000)
 Metaspace       used 12574K, capacity 13398K, committed 13440K, reserved 13696K
GC Heap History (10 events):
Event: 12.322 GC heap before
{Heap before GC invocations=13 (full 1):
 def new generation   total 6848K, used 6848K [0x04800000, 0x04f60000, 0x09d50000)
  eden space 6144K, 100% used [0x04800000, 0x04e00000, 0x04e00000)
  from space 704K, 100% used [0x04e00000, 0x04eb0000, 0x04eb0000)
  to   space 704K,   0% used [0x04eb0000, 0x04eb0000, 0x04f60000)
 tenured generation   total 15024K, used 11974K [0x09d50000, 0x0abfc000, 0x14800000)
   the space 15024K,  79% used [0x09d50000, 0x0a901bc0, 0x0a901c00, 0x0abfc000)
 Metaspace       used 12219K, capacity 13056K, committed 13056K, reserved 13696K
Event: 12.329 GC heap after
Heap after GC invocations=14 (full 1):
 def new generation   total 6848K, used 494K [0x04800000, 0x04f60000, 0x09d50000)
  eden space 6144K,   0% used [0x04800000, 0x04800000, 0x04e00000)
  from space 704K,  70% used [0x04eb0000, 0x04f2b8c8, 0x04f60000)
  to   space 704K,   0% used [0x04e00000, 0x04e00000, 0x04eb0000)
 tenured generation   total 15024K, used 12672K [0x09d50000, 0x0abfc000, 0x14800000)
   the space 15024K,  84% used [0x09d50000, 0x0a9b0078, 0x0a9b0200, 0x0abfc000)
 Metaspace       used 12219K, capacity 13056K, committed 13056K, reserved 13696K
}
Event: 16.606 GC heap before
{Heap before GC invocations=14 (full 1):
 def new generation   total 6848K, used 6638K [0x04800000, 0x04f60000, 0x09d50000)
  eden space 6144K, 100% used [0x04800000, 0x04e00000, 0x04e00000)
  from space 704K,  70% used [0x04eb0000, 0x04f2b8c8, 0x04f60000)
  to   space 704K,   0% used [0x04e00000, 0x04e00000, 0x04eb0000)
 tenured generation   total 15024K, used 12672K [0x09d50000, 0x0abfc000, 0x14800000)
   the space 15024K,  84% used [0x09d50000, 0x0a9b0078, 0x0a9b0200, 0x0abfc000)
 Metaspace       used 12219K, capacity 13056K, committed 13056K, reserved 13696K
Event: 16.608 GC heap after
Heap after GC invocations=15 (full 1):
 def new generation   total 6848K, used 51K [0x04800000, 0x04f60000, 0x09d50000)
  eden space 6144K,   0% used [0x04800000, 0x04800000, 0x04e00000)
  from space 704K,   7% used [0x04e00000, 0x04e0cd60, 0x04eb0000)
  to   space 704K,   0% used [0x04eb0000, 0x04eb0000, 0x04f60000)
 tenured generation   total 15024K, used 13131K [0x09d50000, 0x0abfc000, 0x14800000)
   the space 15024K,  87% used [0x09d50000, 0x0aa22c40, 0x0aa22e00, 0x0abfc000)
 Metaspace       used 12219K, capacity 13056K, committed 13056K, reserved 13696K
}
Event: 22.606 GC heap before
{Heap before GC invocations=15 (full 1):
 def new generation   total 6848K, used 6195K [0x04800000, 0x04f60000, 0x09d50000)
  eden space 6144K, 100% used [0x04800000, 0x04e00000, 0x04e00000)
  from space 704K,   7% used [0x04e00000, 0x04e0cd60, 0x04eb0000)
  to   space 704K,   0% used [0x04eb0000, 0x04eb0000, 0x04f60000)
 tenured generation   total 15024K, used 13131K [0x09d50000, 0x0abfc000, 0x14800000)
   the space 15024K,  87% used [0x09d50000, 0x0aa22c40, 0x0aa22e00, 0x0abfc000)
 Metaspace       used 12219K, capacity 13056K, committed 13056K, reserved 13696K
Event: 22.607 GC heap after
Heap after GC invocations=16 (full 1):
 def new generation   total 6848K, used 69K [0x04800000, 0x04f60000, 0x09d50000)
  eden space 6144K,   0% used [0x04800000, 0x04800000, 0x04e00000)
  from space 704K,   9% used [0x04eb0000, 0x04ec1440, 0x04f60000)
  to   space 704K,   0% used [0x04e00000, 0x04e00000, 0x04eb0000)
 tenured generation   total 15024K, used 13131K [0x09d50000, 0x0abfc000, 0x14800000)
   the space 15024K,  87% used [0x09d50000, 0x0aa22c40, 0x0aa22e00, 0x0abfc000)
 Metaspace       used 12219K, capacity 13056K, committed 13056K, reserved 13696K
}
Event: 32.608 GC heap before
{Heap before GC invocations=16 (full 1):
 def new generation   total 6848K, used 6213K [0x04800000, 0x04f60000, 0x09d50000)
  eden space 6144K, 100% used [0x04800000, 0x04e00000, 0x04e00000)
  from space 704K,   9% used [0x04eb0000, 0x04ec1440, 0x04f60000)
  to   space 704K,   0% used [0x04e00000, 0x04e00000, 0x04eb0000)
 tenured generation   total 15024K, used 13131K [0x09d50000, 0x0abfc000, 0x14800000)
   the space 15024K,  87% used [0x09d50000, 0x0aa22c40, 0x0aa22e00, 0x0abfc000)
 Metaspace       used 12221K, capacity 13058K, committed 13184K, reserved 13696K
Event: 32.610 GC heap after
Heap after GC invocations=17 (full 1):
 def new generation   total 6848K, used 210K [0x04800000, 0x04f60000, 0x09d50000)
  eden space 6144K,   0% used [0x04800000, 0x04800000, 0x04e00000)
  from space 704K,  29% used [0x04e00000, 0x04e34910, 0x04eb0000)
  to   space 704K,   0% used [0x04eb0000, 0x04eb0000, 0x04f60000)
 tenured generation   total 15024K, used 13131K [0x09d50000, 0x0abfc000, 0x14800000)
   the space 15024K,  87% used [0x09d50000, 0x0aa22c40, 0x0aa22e00, 0x0abfc000)
 Metaspace       used 12221K, capacity 13058K, committed 13184K, reserved 13696K
}
Event: 35.265 GC heap before
{Heap before GC invocations=17 (full 1):
 def new generation   total 6848K, used 6354K [0x04800000, 0x04f60000, 0x09d50000)
  eden space 6144K, 100% used [0x04800000, 0x04e00000, 0x04e00000)
  from space 704K,  29% used [0x04e00000, 0x04e34910, 0x04eb0000)
  to   space 704K,   0% used [0x04eb0000, 0x04eb0000, 0x04f60000)
 tenured generation   total 15024K, used 13131K [0x09d50000, 0x0abfc000, 0x14800000)
   the space 15024K,  87% used [0x09d50000, 0x0aa22c40, 0x0aa22e00, 0x0abfc000)
 Metaspace       used 12489K, capacity 13329K, committed 13440K, reserved 13696K
Event: 35.268 GC heap after
Heap after GC invocations=18 (full 1):
 def new generation   total 6848K, used 704K [0x04800000, 0x04f60000, 0x09d50000)
  eden space 6144K,   0% used [0x04800000, 0x04800000, 0x04e00000)
  from space 704K, 100% used [0x04eb0000, 0x04f60000, 0x04f60000)
  to   space 704K,   0% used [0x04e00000, 0x04e00000, 0x04eb0000)
 tenured generation   total 15024K, used 13386K [0x09d50000, 0x0abfc000, 0x14800000)
   the space 15024K,  89% used [0x09d50000, 0x0aa62988, 0x0aa62a00, 0x0abfc000)
 Metaspace       used 12489K, capacity 13329K, committed 13440K, reserved 13696K
}

