# JRE version: Java(TM) SE Runtime Environment (8.0_291-b10) (build 1.8.0_291-b10)
# Java VM: Java HotSpot(TM) Client VM (25.291-b10 mixed mode, sharing windows-x86 )
Heap:
 def new generation   total 8192K, used 4349K [0x04600000, 0x04ee0000, 0x09b50000)
  eden space 7296K,  59% used [0x04600000, 0x04a3f450, 0x04d20000)
  from space 896K,   0% used [0x04d20000, 0x04d20000, 0x04e00000)
  to   space 896K,   0% used [0x04e00000, 0x04e00000, 0x04ee0000)
 tenured generation   total 18092K, used 10853K [0x09b50000, 0x0acfb000, 0x14600000)
   the space 18092K,  59% used [0x09b50000, 0x0a5e9658, 0x0a5e9800, 0x0acfb000)
 Metaspace       used 9272K, capacity 10990K, committed 11008K, reserved 11648K
GC Heap History (10 events):
Event: 1.402 GC heap before
{Heap before GC invocations=8 (full 0):
 def new generation   total 4928K, used 4637K [0x04600000, 0x04b50000, 0x09b50000)
  eden space 4416K,  93% used [0x04600000, 0x04a07578, 0x04a50000)
  from space 512K,  99% used [0x04a50000, 0x04acfff8, 0x04ad0000)
  to   space 512K,   0% used [0x04ad0000, 0x04ad0000, 0x04b50000)
 tenured generation   total 10944K, used 4516K [0x09b50000, 0x0a600000, 0x14600000)
   the space 10944K,  41% used [0x09b50000, 0x09fb90f8, 0x09fb9200, 0x0a600000)
 Metaspace       used 8258K, capacity 9906K, committed 9984K, reserved 10624K
Event: 1.406 GC heap after
Heap after GC invocations=9 (full 0):
 def new generation   total 4928K, used 512K [0x04600000, 0x04b50000, 0x09b50000)
  eden space 4416K,   0% used [0x04600000, 0x04600000, 0x04a50000)
  from space 512K, 100% used [0x04ad0000, 0x04b50000, 0x04b50000)
  to   space 512K,   0% used [0x04a50000, 0x04a50000, 0x04ad0000)
 tenured generation   total 10944K, used 5395K [0x09b50000, 0x0a600000, 0x14600000)
   the space 10944K,  49% used [0x09b50000, 0x0a094f80, 0x0a095000, 0x0a600000)
 Metaspace       used 8258K, capacity 9906K, committed 9984K, reserved 10624K
}
Event: 1.419 GC heap before
{Heap before GC invocations=9 (full 0):
 def new generation   total 4928K, used 4928K [0x04600000, 0x04b50000, 0x09b50000)
  eden space 4416K, 100% used [0x04600000, 0x04a50000, 0x04a50000)
  from space 512K, 100% used [0x04ad0000, 0x04b50000, 0x04b50000)
  to   space 512K,   0% used [0x04a50000, 0x04a50000, 0x04ad0000)
 tenured generation   total 10944K, used 5395K [0x09b50000, 0x0a600000, 0x14600000)
   the space 10944K,  49% used [0x09b50000, 0x0a094f80, 0x0a095000, 0x0a600000)
 Metaspace       used 8312K, capacity 9970K, committed 9984K, reserved 10624K
Event: 1.423 GC heap after
Heap after GC invocations=10 (full 0):
 def new generation   total 4928K, used 17K [0x04600000, 0x04b50000, 0x09b50000)
  eden space 4416K,   0% used [0x04600000, 0x04600000, 0x04a50000)
  from space 512K,   3% used [0x04a50000, 0x04a54790, 0x04ad0000)
  to   space 512K,   0% used [0x04ad0000, 0x04ad0000, 0x04b50000)
 tenured generation   total 10944K, used 8979K [0x09b50000, 0x0a600000, 0x14600000)
   the space 10944K,  82% used [0x09b50000, 0x0a414cc8, 0x0a414e00, 0x0a600000)
 Metaspace       used 8312K, capacity 9970K, committed 9984K, reserved 10624K
}
Event: 3.068 GC heap before
{Heap before GC invocations=10 (full 0):
 def new generation   total 4928K, used 4433K [0x04600000, 0x04b50000, 0x09b50000)
  eden space 4416K, 100% used [0x04600000, 0x04a50000, 0x04a50000)
  from space 512K,   3% used [0x04a50000, 0x04a54790, 0x04ad0000)
  to   space 512K,   0% used [0x04ad0000, 0x04ad0000, 0x04b50000)
 tenured generation   total 10944K, used 8979K [0x09b50000, 0x0a600000, 0x14600000)
   the space 10944K,  82% used [0x09b50000, 0x0a414cc8, 0x0a414e00, 0x0a600000)
 Metaspace       used 8754K, capacity 10424K, committed 10496K, reserved 10624K
Event: 3.071 GC heap after
Heap after GC invocations=11 (full 0):
 def new generation   total 4928K, used 389K [0x04600000, 0x04b50000, 0x09b50000)
  eden space 4416K,   0% used [0x04600000, 0x04600000, 0x04a50000)
  from space 512K,  76% used [0x04ad0000, 0x04b316d8, 0x04b50000)
  to   space 512K,   0% used [0x04a50000, 0x04a50000, 0x04ad0000)
 tenured generation   total 10944K, used 10248K [0x09b50000, 0x0a600000, 0x14600000)
   the space 10944K,  93% used [0x09b50000, 0x0a5520d8, 0x0a552200, 0x0a600000)
 Metaspace       used 8754K, capacity 10424K, committed 10496K, reserved 10624K
}
Event: 6.349 GC heap before
{Heap before GC invocations=11 (full 0):
 def new generation   total 4928K, used 4805K [0x04600000, 0x04b50000, 0x09b50000)
  eden space 4416K, 100% used [0x04600000, 0x04a50000, 0x04a50000)
  from space 512K,  76% used [0x04ad0000, 0x04b316d8, 0x04b50000)
  to   space 512K,   0% used [0x04a50000, 0x04a50000, 0x04ad0000)
 tenured generation   total 10944K, used 10248K [0x09b50000, 0x0a600000, 0x14600000)
   the space 10944K,  93% used [0x09b50000, 0x0a5520d8, 0x0a552200, 0x0a600000)
 Metaspace       used 9057K, capacity 10730K, committed 10752K, reserved 11648K
Event: 6.352 GC heap after
Heap after GC invocations=12 (full 0):
 def new generation   total 4928K, used 512K [0x04600000, 0x04b50000, 0x09b50000)
  eden space 4416K,   0% used [0x04600000, 0x04600000, 0x04a50000)
  from space 512K, 100% used [0x04a50000, 0x04ad0000, 0x04ad0000)
  to   space 512K,   0% used [0x04ad0000, 0x04ad0000, 0x04b50000)
 tenured generation   total 10944K, used 10774K [0x09b50000, 0x0a600000, 0x14600000)
   the space 10944K,  98% used [0x09b50000, 0x0a5d5a40, 0x0a5d5c00, 0x0a600000)
 Metaspace       used 9057K, capacity 10730K, committed 10752K, reserved 11648K
}
Event: 8.503 GC heap before
{Heap before GC invocations=12 (full 0):
 def new generation   total 4928K, used 4928K [0x04600000, 0x04b50000, 0x09b50000)
  eden space 4416K, 100% used [0x04600000, 0x04a50000, 0x04a50000)
  from space 512K, 100% used [0x04a50000, 0x04ad0000, 0x04ad0000)
  to   space 512K,   0% used [0x04ad0000, 0x04ad0000, 0x04b50000)
 tenured generation   total 10944K, used 10774K [0x09b50000, 0x0a600000, 0x14600000)
   the space 10944K,  98% used [0x09b50000, 0x0a5d5a40, 0x0a5d5c00, 0x0a600000)
 Metaspace       used 9126K, capacity 10797K, committed 10880K, reserved 11648K
Event: 8.522 GC heap after
Heap after GC invocations=13 (full 1):
 def new generation   total 8192K, used 0K [0x04600000, 0x04ee0000, 0x09b50000)
  eden space 7296K,   0% used [0x04600000, 0x04600000, 0x04d20000)
  from space 896K,   0% used [0x04d20000, 0x04d20000, 0x04e00000)
  to   space 896K,   0% used [0x04e00000, 0x04e00000, 0x04ee0000)
 tenured generation   total 18092K, used 10853K [0x09b50000, 0x0acfb000, 0x14600000)
   the space 18092K,  59% used [0x09b50000, 0x0a5e9658, 0x0a5e9800, 0x0acfb000)
 Metaspace       used 9126K, capacity 10797K, committed 10880K, reserved 11648K
}

